2024.01.28 19:29:40 INFO  Started: Metals version 1.2.0 in folders '/Users/scala/mine/nix-scala-project/http4s-scala-cli' for client Visual Studio Code 1.85.2.[0m
2024.01.28 19:29:42 INFO  Running List(/opt/homebrew/bin/scala-cli, setup-ide, /Users/scala/mine/nix-scala-project/http4s-scala-cli)[0m
2024.01.28 19:29:42 INFO  Attempting to connect to the build server...[0m
2024.01.28 19:29:42 INFO  Running BSP server List(/opt/homebrew/bin/scala-cli, bsp, --json-options, /Users/scala/mine/nix-scala-project/http4s-scala-cli/.scala-build/ide-options-v2.json, /Users/scala/mine/nix-scala-project/http4s-scala-cli)[0m
2024.01.28 19:29:42 INFO  tracing is disabled for protocol BSP, to enable tracing of incoming and outgoing JSON messages create an empty file at /Users/scala/mine/nix-scala-project/http4s-scala-cli/.metals/bsp.trace.json or /Users/scala/Library/Caches/org.scalameta.metals/bsp.trace.json[0m
2024.01.28 19:29:42 INFO  no build target found for /Users/scala/mine/nix-scala-project/http4s-scala-cli/https-playground.scala. Using presentation compiler with project's scala-library version: 3.3.1[0m
2024.01.28 19:29:42 WARN  Could not find semantic tokens for: file:///Users/scala/mine/nix-scala-project/http4s-scala-cli/https-playground.scala[0m
2024.01.28 19:29:48 INFO  time: Connected to build server in 5.64s[0m
2024.01.28 19:29:48 INFO  Connected to Build server: scala-cli v1.1.2[0m
2024.01.28 19:29:48 INFO  compiling http4s-scala-cli_bd2c96d2de (1 scala source)[0m
2024.01.28 19:29:48 INFO  time: compiled http4s-scala-cli_bd2c96d2de in 77ms[0m
2024.01.28 19:29:54 INFO  time: indexed workspace in 6.24s[0m
2024.01.28 19:29:55 WARN  Could not find semantic tokens for: file:///Users/scala/mine/nix-scala-project/http4s-scala-cli/https-playground.scala[0m
2024.01.28 19:29:56 WARN  Could not find semantic tokens for: file:///Users/scala/mine/nix-scala-project/http4s-scala-cli/https-playground.scala[0m
2024.01.28 19:31:35 WARN  Could not find semantic tokens for: file:///Users/scala/mine/nix-scala-project/http4s-scala-cli/https-playground.scala[0m
2024.01.28 19:31:36 WARN  Could not find semantic tokens for: file:///Users/scala/mine/nix-scala-project/http4s-scala-cli/https-playground.scala[0m
2024.01.28 19:31:37 WARN  Could not find semantic tokens for: file:///Users/scala/mine/nix-scala-project/http4s-scala-cli/https-playground.scala[0m
2024.01.28 19:31:38 WARN  Could not find semantic tokens for: file:///Users/scala/mine/nix-scala-project/http4s-scala-cli/https-playground.scala[0m
2024.01.28 19:31:38 WARN  Could not find semantic tokens for: file:///Users/scala/mine/nix-scala-project/http4s-scala-cli/https-playground.scala[0m
2024.01.28 19:31:41 WARN  Could not find semantic tokens for: file:///Users/scala/mine/nix-scala-project/http4s-scala-cli/https-playground.scala[0m
2024.01.28 19:32:10 WARN  Could not find semantic tokens for: file:///Users/scala/mine/nix-scala-project/http4s-scala-cli/https-playground.scala[0m
2024.01.28 19:32:10 WARN  Could not find semantic tokens for: file:///Users/scala/mine/nix-scala-project/http4s-scala-cli/https-playground.scala[0m
2024.01.28 19:32:11 WARN  Could not find semantic tokens for: file:///Users/scala/mine/nix-scala-project/http4s-scala-cli/https-playground.scala[0m
2024.01.28 19:32:12 WARN  Could not find semantic tokens for: file:///Users/scala/mine/nix-scala-project/http4s-scala-cli/https-playground.scala[0m
2024.01.28 19:32:12 WARN  Could not find semantic tokens for: file:///Users/scala/mine/nix-scala-project/http4s-scala-cli/https-playground.scala[0m
2024.01.28 19:32:53 INFO  BSP server: [warn] ./https-playground.scala:1:11[0m
2024.01.28 19:32:53 INFO  BSP server: [warn] Using 'latest' for toolkit is deprecated, use 'default' to get more stable behaviour[0m
2024.01.28 19:32:53 INFO  BSP server: [warn] //> using toolkit typelevel:latest[0m
2024.01.28 19:32:53 INFO  BSP server: [warn]           ^^^^^^^^^^^^^^^^^^^^^^^^[0m
2024.01.28 19:32:53 INFO  Cancelling compilation on scala-cli server[0m
2024.01.28 19:32:53 INFO  compiling http4s-scala-cli_bd2c96d2de (1 scala source)[0m
2024.01.28 19:32:53 INFO  time: compiled http4s-scala-cli_bd2c96d2de in 0.2s[0m
2024.01.28 19:32:54 INFO  time: Imported build in 0.23s[0m
2024.01.28 19:32:55 INFO  time: indexed workspace in 1.18s[0m
2024.01.28 19:32:55 INFO  BSP server: [warn] ./https-playground.scala:1:11[0m
2024.01.28 19:32:55 INFO  BSP server: [warn] Using 'latest' for toolkit is deprecated, use 'default' to get more stable behaviour[0m
2024.01.28 19:32:55 INFO  BSP server: [warn] //> using toolkit typelevel:latest[0m
2024.01.28 19:32:55 INFO  BSP server: [warn]           ^^^^^^^^^^^^^^^^^^^^^^^^[0m
2024.01.28 19:33:04 INFO  BSP server: [hint] ./https-playground.scala:1:19[0m
2024.01.28 19:33:04 INFO  Cancelling compilation on scala-cli server[0m
2024.01.28 19:33:04 INFO  BSP server: [hint] "toolkit is outdated, update to 0.1.21"[0m
2024.01.28 19:33:04 INFO  BSP server: [hint]      toolkit 0.1.20 -> typelevel:0.1.21[0m
2024.01.28 19:33:04 INFO  BSP server: [hint] //> using toolkit typelevel:default[0m
2024.01.28 19:33:04 INFO  BSP server: [hint]                   ^^^^^^^^^^^^^^^^^[0m
2024.01.28 19:33:04 INFO  compiling http4s-scala-cli_bd2c96d2de (1 scala source)[0m
2024.01.28 19:33:04 INFO  time: compiled http4s-scala-cli_bd2c96d2de in 0.17s[0m
2024.01.28 19:33:04 INFO  time: Imported build in 0.22s[0m
2024.01.28 19:33:04 INFO  BSP server: [hint] ./https-playground.scala:1:19[0m
2024.01.28 19:33:04 INFO  BSP server: [hint] "toolkit is outdated, update to 0.1.21"[0m
2024.01.28 19:33:04 INFO  BSP server: [hint]      toolkit 0.1.20 -> typelevel:0.1.21[0m
2024.01.28 19:33:04 INFO  BSP server: [hint] //> using toolkit typelevel:default[0m
2024.01.28 19:33:04 INFO  BSP server: [hint]                   ^^^^^^^^^^^^^^^^^[0m
2024.01.28 19:33:05 INFO  time: indexed workspace in 0.85s[0m
2024.01.28 19:33:05 INFO  BSP server: [hint] ./https-playground.scala:1:19[0m
2024.01.28 19:33:05 INFO  BSP server: [hint] "toolkit is outdated, update to 0.1.21"[0m
2024.01.28 19:33:05 INFO  BSP server: [hint]      toolkit 0.1.20 -> typelevel:0.1.21[0m
2024.01.28 19:33:05 INFO  BSP server: [hint] //> using toolkit typelevel:default[0m
2024.01.28 19:33:05 INFO  BSP server: [hint]                   ^^^^^^^^^^^^^^^^^[0m
2024.01.28 19:33:13 INFO  Cancelling compilation on scala-cli server[0m
2024.01.28 19:33:13 INFO  compiling http4s-scala-cli_bd2c96d2de (1 scala source)[0m
2024.01.28 19:33:13 INFO  time: compiled http4s-scala-cli_bd2c96d2de in 0.2s[0m
2024.01.28 19:33:13 INFO  time: Imported build in 0.23s[0m
2024.01.28 19:33:14 INFO  time: indexed workspace in 0.79s[0m
2024.01.28 19:33:36 INFO  BSP server: [E] Caught java.lang.InterruptedException[0m
2024.01.28 19:33:36 INFO  BSP server: Bloop 'bsp' command exited with code 1. Something may be wrong with the current configuration.[0m
2024.01.28 19:33:36 INFO  BSP server: Running the clean sub-command to clear the working directory and remove caches might help.[0m
2024.01.28 19:33:36 INFO  BSP server: If the error persists, please report the issue as a bug and attach a log with increased verbosity by passing -v -v -v.[0m
2024.01.28 19:33:48 INFO  BSP server: Fatal error has occured within bloop bsp server, method: workspaceBuildTargets. Shutting down the server:[0m
2024.01.28 19:33:48 INFO  BSP server:  org.eclipse.lsp4j.jsonrpc.JsonRpcException: java.io.IOException: Broken pipe[0m
2024.01.28 19:33:48 INFO  BSP server: 	at org.eclipse.lsp4j.jsonrpc.json.StreamMessageConsumer.consume(StreamMessageConsumer.java:72)[0m
2024.01.28 19:33:48 INFO  BSP server: 	at org.eclipse.lsp4j.jsonrpc.RemoteEndpoint.request(RemoteEndpoint.java:161)[0m
2024.01.28 19:33:48 INFO  BSP server: 	at org.eclipse.lsp4j.jsonrpc.services.EndpointProxy.invoke(EndpointProxy.java:91)[0m
2024.01.28 19:33:48 INFO  BSP server: 	at jdk.proxy4/jdk.proxy4.$Proxy48.workspaceBuildTargets(Unknown Source)[0m
2024.01.28 19:33:48 INFO  BSP server: 	at scala.build.bsp.BuildServerForwardStubs.workspaceBuildTargets(BuildServerForwardStubs.scala:79)[0m
2024.01.28 19:33:48 INFO  BSP server: 	at scala.build.bsp.BuildServerForwardStubs.workspaceBuildTargets$(BuildServerForwardStubs.scala:9)[0m
2024.01.28 19:33:48 INFO  BSP server: 	at scala.build.bsp.BspServer.workspaceBuildTargets(BspServer.scala:274)[0m
2024.01.28 19:33:48 INFO  BSP server: 	at scala.build.bsp.BuildServerProxy.workspaceBuildTargets(BuildServerProxy.scala:32)[0m
2024.01.28 19:33:48 INFO  BSP server: 	at java.base@17.0.6/java.lang.reflect.Method.invoke(Method.java:568)[0m
2024.01.28 19:33:48 INFO  BSP server: 	at org.eclipse.lsp4j.jsonrpc.services.GenericEndpoint.lambda$null$0(GenericEndpoint.java:65)[0m
2024.01.28 19:33:48 INFO  BSP server: 	at org.eclipse.lsp4j.jsonrpc.services.GenericEndpoint.request(GenericEndpoint.java:120)[0m
2024.01.28 19:33:48 INFO  BSP server: 	at org.eclipse.lsp4j.jsonrpc.RemoteEndpoint.handleRequest(RemoteEndpoint.java:261)[0m
2024.01.28 19:33:48 INFO  BSP server: 	at org.eclipse.lsp4j.jsonrpc.RemoteEndpoint.consume(RemoteEndpoint.java:190)[0m
2024.01.28 19:33:48 INFO  BSP server: 	at org.eclipse.lsp4j.jsonrpc.json.StreamMessageProducer.handleMessage(StreamMessageProducer.java:194)[0m
2024.01.28 19:33:48 INFO  BSP server: 	at org.eclipse.lsp4j.jsonrpc.json.StreamMessageProducer.listen(StreamMessageProducer.java:94)[0m
2024.01.28 19:33:48 INFO  BSP server: 	at org.eclipse.lsp4j.jsonrpc.json.ConcurrentMessageProcessor.run(ConcurrentMessageProcessor.java:113)[0m
2024.01.28 19:33:48 INFO  BSP server: 	at java.base@17.0.6/java.util.concurrent.Executors$RunnableAdapter.call(Executors.java:539)[0m
2024.01.28 19:33:48 INFO  BSP server: 	at java.base@17.0.6/java.util.concurrent.FutureTask.run(FutureTask.java:264)[0m
2024.01.28 19:33:48 INFO  BSP server: 	at java.base@17.0.6/java.util.concurrent.ThreadPoolExecutor.runWorker(ThreadPoolExecutor.java:1136)[0m
2024.01.28 19:33:48 INFO  BSP server: 	at java.base@17.0.6/java.util.concurrent.ThreadPoolExecutor$Worker.run(ThreadPoolExecutor.java:635)[0m
2024.01.28 19:33:48 INFO  BSP server: 	at java.base@17.0.6/java.lang.Thread.run(Thread.java:833)[0m
2024.01.28 19:33:48 INFO  BSP server: 	at com.oracle.svm.core.thread.PlatformThreads.threadStartRoutine(PlatformThreads.java:775)[0m
2024.01.28 19:33:48 INFO  BSP server: 	at com.oracle.svm.core.posix.thread.PosixPlatformThreads.pthreadStartRoutine(PosixPlatformThreads.java:203)[0m
2024.01.28 19:33:48 INFO  BSP server: Caused by: java.io.IOException: Broken pipe[0m
2024.01.28 19:33:48 INFO  BSP server: 	at java.base@17.0.6/sun.nio.ch.FileDispatcherImpl.write0(FileDispatcherImpl.java)[0m
2024.01.28 19:33:48 INFO  BSP server: 	at java.base@17.0.6/sun.nio.ch.SocketDispatcher.write(SocketDispatcher.java:62)[0m
2024.01.28 19:33:48 INFO  BSP server: 	at java.base@17.0.6/sun.nio.ch.IOUtil.writeFromNativeBuffer(IOUtil.java:132)[0m
2024.01.28 19:33:48 INFO  BSP server: 	at java.base@17.0.6/sun.nio.ch.IOUtil.write(IOUtil.java:97)[0m
2024.01.28 19:33:48 INFO  BSP server: 	at java.base@17.0.6/sun.nio.ch.IOUtil.write(IOUtil.java:53)[0m
2024.01.28 19:33:48 INFO  BSP server: 	at java.base@17.0.6/sun.nio.ch.SocketChannelImpl.write(SocketChannelImpl.java:532)[0m
2024.01.28 19:33:48 INFO  BSP server: 	at java.base@17.0.6/java.nio.channels.Channels.writeFullyImpl(Channels.java:74)[0m
2024.01.28 19:33:48 INFO  BSP server: 	at java.base@17.0.6/java.nio.channels.Channels.writeFully(Channels.java:93)[0m
2024.01.28 19:33:48 INFO  BSP server: 	at java.base@17.0.6/java.nio.channels.Channels$1.write(Channels.java:171)[0m
2024.01.28 19:33:48 INFO  BSP server: 	at java.base@17.0.6/java.io.OutputStream.write(OutputStream.java:127)[0m
2024.01.28 19:33:48 INFO  BSP server: 	at org.eclipse.lsp4j.jsonrpc.json.StreamMessageConsumer.consume(StreamMessageConsumer.java:67)[0m
2024.01.28 19:33:48 INFO  BSP server: 	... 22 more[0m
2024.01.28 19:33:48 INFO  BSP server: [0m
2024.01.28 19:33:48 INFO  Running BSP server List(/opt/homebrew/bin/scala-cli, bsp, --json-options, /Users/scala/mine/nix-scala-project/http4s-scala-cli/.scala-build/ide-options-v2.json, /Users/scala/mine/nix-scala-project/http4s-scala-cli)[0m
2024.01.28 19:33:48 INFO  tracing is disabled for protocol BSP, to enable tracing of incoming and outgoing JSON messages create an empty file at /Users/scala/mine/nix-scala-project/http4s-scala-cli/.metals/bsp.trace.json or /Users/scala/Library/Caches/org.scalameta.metals/bsp.trace.json[0m
2024.01.28 19:33:54 INFO  Connected to Build server: scala-cli v1.1.2[0m
2024.01.28 19:33:55 INFO  time: indexed workspace in 0.69s[0m
Jan 28, 2024 7:35:33 PM org.eclipse.lsp4j.jsonrpc.RemoteEndpoint handleCancellation
WARNING: Unmatched cancel notification for request id 359
2024.01.28 19:36:06 INFO  compiling http4s-scala-cli_bd2c96d2de (1 scala source)[0m
2024.01.28 19:36:12 INFO  time: compiled http4s-scala-cli_bd2c96d2de in 5.96s[0m
2024.01.28 19:36:28 INFO  compiling http4s-scala-cli_bd2c96d2de (1 scala source)[0m
2024.01.28 19:36:29 WARN  Could not load snapshot text for /Users/scala/mine/nix-scala-project/http4s-scala-cli/https-playground.scala[0m
2024.01.28 19:36:28 INFO  time: compiled http4s-scala-cli_bd2c96d2de in 0.39s[0m
2024.01.28 19:37:30 INFO  compiling http4s-scala-cli_bd2c96d2de (1 scala source)[0m
2024.01.28 19:37:30 INFO  time: compiled http4s-scala-cli_bd2c96d2de in 0.12s[0m
2024.01.28 19:37:37 INFO  compiling http4s-scala-cli_bd2c96d2de (1 scala source)[0m
2024.01.28 19:37:37 INFO  time: compiled http4s-scala-cli_bd2c96d2de in 0.3s[0m
Jan 28, 2024 7:39:36 PM org.eclipse.lsp4j.jsonrpc.RemoteEndpoint handleCancellation
WARNING: Unmatched cancel notification for request id 824
2024.01.28 19:39:47 INFO  compiling http4s-scala-cli_bd2c96d2de (1 scala source)[0m
2024.01.28 19:39:47 WARN  Could not load snapshot text for /Users/scala/mine/nix-scala-project/http4s-scala-cli/https-playground.scala[0m
2024.01.28 19:39:47 INFO  time: compiled http4s-scala-cli_bd2c96d2de in 0.27s[0m
2024.01.28 19:40:27 INFO  compiling http4s-scala-cli_bd2c96d2de (1 scala source)[0m
2024.01.28 19:40:27 INFO  time: compiled http4s-scala-cli_bd2c96d2de in 0.34s[0m
2024.01.28 19:40:29 INFO  compiling http4s-scala-cli_bd2c96d2de (1 scala source)[0m
2024.01.28 19:40:29 INFO  time: compiled http4s-scala-cli_bd2c96d2de in 0.28s[0m
2024.01.28 19:40:54 INFO  compiling http4s-scala-cli_bd2c96d2de (1 scala source)[0m
2024.01.28 19:40:54 WARN  Could not load snapshot text for /Users/scala/mine/nix-scala-project/http4s-scala-cli/https-playground.scala[0m
2024.01.28 19:40:55 INFO  time: compiled http4s-scala-cli_bd2c96d2de in 1.01s[0m
2024.01.28 19:40:55 WARN  Could not load snapshot text for /Users/scala/mine/nix-scala-project/http4s-scala-cli/https-playground.scala[0m
2024.01.28 19:40:56 WARN  Could not load snapshot text for /Users/scala/mine/nix-scala-project/http4s-scala-cli/https-playground.scala[0m
2024.01.28 19:40:59 WARN  Could not load snapshot text for /Users/scala/mine/nix-scala-project/http4s-scala-cli/https-playground.scala[0m
2024.01.28 19:40:59 WARN  Could not load snapshot text for /Users/scala/mine/nix-scala-project/http4s-scala-cli/https-playground.scala[0m
2024.01.28 19:41:02 WARN  Could not load snapshot text for /Users/scala/mine/nix-scala-project/http4s-scala-cli/https-playground.scala[0m
2024.01.28 19:41:05 WARN  Could not load snapshot text for /Users/scala/mine/nix-scala-project/http4s-scala-cli/https-playground.scala[0m
2024.01.28 19:41:06 WARN  Could not load snapshot text for /Users/scala/mine/nix-scala-project/http4s-scala-cli/https-playground.scala[0m
2024.01.28 19:41:07 WARN  Could not load snapshot text for /Users/scala/mine/nix-scala-project/http4s-scala-cli/https-playground.scala[0m
2024.01.28 19:41:08 WARN  Could not load snapshot text for /Users/scala/mine/nix-scala-project/http4s-scala-cli/https-playground.scala[0m
2024.01.28 19:41:09 WARN  Could not load snapshot text for /Users/scala/mine/nix-scala-project/http4s-scala-cli/https-playground.scala[0m
2024.01.28 19:41:09 INFO  compiling http4s-scala-cli_bd2c96d2de (1 scala source)[0m
2024.01.28 19:41:09 INFO  time: compiled http4s-scala-cli_bd2c96d2de in 0.25s[0m
2024.01.28 19:41:17 INFO  compiling http4s-scala-cli_bd2c96d2de (1 scala source)[0m
2024.01.28 19:41:18 INFO  time: compiled http4s-scala-cli_bd2c96d2de in 1.21s[0m
2024.01.28 19:42:02 INFO  compiling http4s-scala-cli_bd2c96d2de (1 scala source)[0m
2024.01.28 19:42:02 INFO  time: compiled http4s-scala-cli_bd2c96d2de in 0.56s[0m
2024.01.28 19:42:09 INFO  compiling http4s-scala-cli_bd2c96d2de (1 scala source)[0m
2024.01.28 19:42:09 INFO  time: compiled http4s-scala-cli_bd2c96d2de in 0.44s[0m
Jan 28, 2024 7:42:28 PM org.eclipse.lsp4j.jsonrpc.RemoteEndpoint handleCancellation
WARNING: Unmatched cancel notification for request id 1429
2024.01.28 19:43:12 ERROR scalafmt: /Users/scala/mine/nix-scala-project/http4s-scala-cli/https-playground.scala:29: error: [dialect scala3] ; expected but ) found
      IO.pure(courses(id.toString)))
                                   ^[0m
2024.01.28 19:43:12 WARN  Could not load snapshot text for /Users/scala/mine/nix-scala-project/http4s-scala-cli/https-playground.scala[0m
2024.01.28 19:43:12 INFO  compiling http4s-scala-cli_bd2c96d2de (1 scala source)[0m
2024.01.28 19:43:12 INFO  time: compiled http4s-scala-cli_bd2c96d2de in 0.27s[0m
2024.01.28 19:43:12 WARN  Could not load snapshot text for /Users/scala/mine/nix-scala-project/http4s-scala-cli/https-playground.scala[0m
2024.01.28 19:43:15 ERROR scalafmt: /Users/scala/mine/nix-scala-project/http4s-scala-cli/https-playground.scala:29: error: [dialect scala3] ; expected but ) found
      IO.pure(courses(id.toString))))
                                   ^[0m
2024.01.28 19:43:15 INFO  compiling http4s-scala-cli_bd2c96d2de (1 scala source)[0m
2024.01.28 19:43:15 WARN  Could not load snapshot text for /Users/scala/mine/nix-scala-project/http4s-scala-cli/https-playground.scala[0m
2024.01.28 19:43:15 INFO  time: compiled http4s-scala-cli_bd2c96d2de in 0.25s[0m
2024.01.28 19:43:15 WARN  Could not load snapshot text for /Users/scala/mine/nix-scala-project/http4s-scala-cli/https-playground.scala[0m
2024.01.28 19:43:16 ERROR scalafmt: /Users/scala/mine/nix-scala-project/http4s-scala-cli/https-playground.scala:31: error: [dialect scala3] ) expected but def found
  def run = IO.println(UUID.randomUUID())
  ^[0m
2024.01.28 19:43:16 INFO  compiling http4s-scala-cli_bd2c96d2de (1 scala source)[0m
2024.01.28 19:43:16 WARN  Could not load snapshot text for /Users/scala/mine/nix-scala-project/http4s-scala-cli/https-playground.scala[0m
2024.01.28 19:43:16 INFO  time: compiled http4s-scala-cli_bd2c96d2de in 0.25s[0m
2024.01.28 19:43:17 WARN  Could not load snapshot text for /Users/scala/mine/nix-scala-project/http4s-scala-cli/https-playground.scala[0m
2024.01.28 19:43:18 WARN  Could not load snapshot text for /Users/scala/mine/nix-scala-project/http4s-scala-cli/https-playground.scala[0m
2024.01.28 19:43:18 WARN  Could not load snapshot text for /Users/scala/mine/nix-scala-project/http4s-scala-cli/https-playground.scala[0m
2024.01.28 19:43:19 WARN  Could not load snapshot text for /Users/scala/mine/nix-scala-project/http4s-scala-cli/https-playground.scala[0m
2024.01.28 19:43:20 INFO  compiling http4s-scala-cli_bd2c96d2de (1 scala source)[0m
2024.01.28 19:43:20 INFO  time: compiled http4s-scala-cli_bd2c96d2de in 0.38s[0m
2024.01.28 19:44:09 INFO  compiling http4s-scala-cli_bd2c96d2de (1 scala source)[0m
2024.01.28 19:44:09 INFO  time: compiled http4s-scala-cli_bd2c96d2de in 0.4s[0m
Jan 28, 2024 7:45:04 PM org.eclipse.lsp4j.jsonrpc.RemoteEndpoint handleCancellation
WARNING: Unmatched cancel notification for request id 1755
2024.01.28 19:45:10 INFO  compiling http4s-scala-cli_bd2c96d2de (1 scala source)[0m
2024.01.28 19:45:10 INFO  time: compiled http4s-scala-cli_bd2c96d2de in 0.45s[0m
2024.01.28 19:45:52 INFO  compiling http4s-scala-cli_bd2c96d2de (1 scala source)[0m
2024.01.28 19:45:52 INFO  time: compiled http4s-scala-cli_bd2c96d2de in 0.4s[0m
2024.01.28 19:46:20 INFO  compiling http4s-scala-cli_bd2c96d2de (1 scala source)[0m
2024.01.28 19:46:20 INFO  time: compiled http4s-scala-cli_bd2c96d2de in 0.46s[0m
2024.01.28 19:47:27 INFO  compiling http4s-scala-cli_bd2c96d2de (1 scala source)[0m
2024.01.28 19:47:27 INFO  time: compiled http4s-scala-cli_bd2c96d2de in 0.5s[0m
